# JRE version: OpenJDK Runtime Environment (17.0.6) (build 17.0.6+0-b2043.56-10027231)
# Java VM: OpenJDK 64-Bit Server VM (17.0.6+0-b2043.56-10027231, mixed mode, tiered, compressed oops, compressed class ptrs, g1 gc, windows-amd64)
GC Precious Log:
 CPUs: 4 total, 4 available
 Memory: 16247M
 Large Page Support: Disabled
 NUMA Support: Disabled
 Compressed Oops: Enabled (32-bit)
 Heap Region Size: 1M
 Heap Min Capacity: 8M
 Heap Initial Capacity: 254M
 Heap Max Capacity: 2G
 Pre-touch: Disabled
 Parallel Workers: 4
 Concurrent Workers: 1
 Concurrent Refinement Workers: 4
 Periodic GC: Disabled
Heap:
 garbage-first heap   total 470016K, used 370868K [0x0000000080000000, 0x0000000100000000)
  region size 1024K, 175 young (179200K), 9 survivors (9216K)
 Metaspace       used 148788K, committed 150080K, reserved 1179648K
  class space    used 19762K, committed 20416K, reserved 1048576K
GC Heap History (20 events):
Event: 22.890 GC heap before
{Heap before GC invocations=39 (full 0):
 garbage-first heap   total 223232K, used 185070K [0x0000000080000000, 0x0000000100000000)
  region size 1024K, 71 young (72704K), 11 survivors (11264K)
 Metaspace       used 107253K, committed 108032K, reserved 1146880K
  class space    used 14678K, committed 15040K, reserved 1048576K
}
Event: 22.917 GC heap after
{Heap after GC invocations=40 (full 0):
 garbage-first heap   total 223232K, used 130048K [0x0000000080000000, 0x0000000100000000)
  region size 1024K, 9 young (9216K), 9 survivors (9216K)
 Metaspace       used 107253K, committed 108032K, reserved 1146880K
  class space    used 14678K, committed 15040K, reserved 1048576K
}
Event: 23.579 GC heap before
{Heap before GC invocations=40 (full 0):
 garbage-first heap   total 223232K, used 180224K [0x0000000080000000, 0x0000000100000000)
  region size 1024K, 59 young (60416K), 9 survivors (9216K)
 Metaspace       used 107412K, committed 108224K, reserved 1146880K
  class space    used 14680K, committed 15040K, reserved 1048576K
}
Event: 23.595 GC heap after
{Heap after GC invocations=41 (full 0):
 garbage-first heap   total 223232K, used 134052K [0x0000000080000000, 0x0000000100000000)
  region size 1024K, 5 young (5120K), 5 survivors (5120K)
 Metaspace       used 107412K, committed 108224K, reserved 1146880K
  class space    used 14680K, committed 15040K, reserved 1048576K
}
Event: 24.436 GC heap before
{Heap before GC invocations=41 (full 0):
 garbage-first heap   total 223232K, used 182180K [0x0000000080000000, 0x0000000100000000)
  region size 1024K, 53 young (54272K), 5 survivors (5120K)
 Metaspace       used 108010K, committed 108800K, reserved 1146880K
  class space    used 14739K, committed 15104K, reserved 1048576K
}
Event: 24.450 GC heap after
{Heap after GC invocations=42 (full 0):
 garbage-first heap   total 470016K, used 137253K [0x0000000080000000, 0x0000000100000000)
  region size 1024K, 6 young (6144K), 6 survivors (6144K)
 Metaspace       used 108010K, committed 108800K, reserved 1146880K
  class space    used 14739K, committed 15104K, reserved 1048576K
}
Event: 40.924 GC heap before
{Heap before GC invocations=42 (full 0):
 garbage-first heap   total 470016K, used 352293K [0x0000000080000000, 0x0000000100000000)
  region size 1024K, 217 young (222208K), 6 survivors (6144K)
 Metaspace       used 115807K, committed 116736K, reserved 1155072K
  class space    used 15812K, committed 16256K, reserved 1048576K
}
Event: 40.956 GC heap after
{Heap after GC invocations=43 (full 0):
 garbage-first heap   total 470016K, used 151826K [0x0000000080000000, 0x0000000100000000)
  region size 1024K, 20 young (20480K), 20 survivors (20480K)
 Metaspace       used 115807K, committed 116736K, reserved 1155072K
  class space    used 15812K, committed 16256K, reserved 1048576K
}
Event: 45.280 GC heap before
{Heap before GC invocations=43 (full 0):
 garbage-first heap   total 470016K, used 358674K [0x0000000080000000, 0x0000000100000000)
  region size 1024K, 223 young (228352K), 20 survivors (20480K)
 Metaspace       used 130188K, committed 131072K, reserved 1163264K
  class space    used 17808K, committed 18240K, reserved 1048576K
}
Event: 45.333 GC heap after
{Heap after GC invocations=44 (full 0):
 garbage-first heap   total 470016K, used 160743K [0x0000000080000000, 0x0000000100000000)
  region size 1024K, 12 young (12288K), 12 survivors (12288K)
 Metaspace       used 130188K, committed 131072K, reserved 1163264K
  class space    used 17808K, committed 18240K, reserved 1048576K
}
Event: 49.015 GC heap before
{Heap before GC invocations=44 (full 0):
 garbage-first heap   total 470016K, used 367591K [0x0000000080000000, 0x0000000100000000)
  region size 1024K, 215 young (220160K), 12 survivors (12288K)
 Metaspace       used 137136K, committed 138048K, reserved 1171456K
  class space    used 18564K, committed 19008K, reserved 1048576K
}
Event: 49.038 GC heap after
{Heap after GC invocations=45 (full 0):
 garbage-first heap   total 470016K, used 164327K [0x0000000080000000, 0x0000000100000000)
  region size 1024K, 15 young (15360K), 15 survivors (15360K)
 Metaspace       used 137136K, committed 138048K, reserved 1171456K
  class space    used 18564K, committed 19008K, reserved 1048576K
}
Event: 54.764 GC heap before
{Heap before GC invocations=45 (full 0):
 garbage-first heap   total 470016K, used 377319K [0x0000000080000000, 0x0000000100000000)
  region size 1024K, 224 young (229376K), 15 survivors (15360K)
 Metaspace       used 138666K, committed 139584K, reserved 1171456K
  class space    used 18789K, committed 19264K, reserved 1048576K
}
Event: 54.796 GC heap after
{Heap after GC invocations=46 (full 0):
 garbage-first heap   total 470016K, used 169447K [0x0000000080000000, 0x0000000100000000)
  region size 1024K, 20 young (20480K), 20 survivors (20480K)
 Metaspace       used 138666K, committed 139584K, reserved 1171456K
  class space    used 18789K, committed 19264K, reserved 1048576K
}
Event: 59.645 GC heap before
{Heap before GC invocations=46 (full 0):
 garbage-first heap   total 470016K, used 382439K [0x0000000080000000, 0x0000000100000000)
  region size 1024K, 229 young (234496K), 20 survivors (20480K)
 Metaspace       used 140552K, committed 141568K, reserved 1171456K
  class space    used 18970K, committed 19456K, reserved 1048576K
}
Event: 59.678 GC heap after
{Heap after GC invocations=47 (full 0):
 garbage-first heap   total 470016K, used 175141K [0x0000000080000000, 0x0000000100000000)
  region size 1024K, 19 young (19456K), 19 survivors (19456K)
 Metaspace       used 140552K, committed 141568K, reserved 1171456K
  class space    used 18970K, committed 19456K, reserved 1048576K
}
Event: 287.077 GC heap before
{Heap before GC invocations=47 (full 0):
 garbage-first heap   total 470016K, used 399397K [0x0000000080000000, 0x0000000100000000)
  region size 1024K, 225 young (230400K), 19 survivors (19456K)
 Metaspace       used 147666K, committed 148800K, reserved 1179648K
  class space    used 19666K, committed 20224K, reserved 1048576K
}
Event: 287.130 GC heap after
{Heap after GC invocations=48 (full 0):
 garbage-first heap   total 470016K, used 193806K [0x0000000080000000, 0x0000000100000000)
  region size 1024K, 29 young (29696K), 29 survivors (29696K)
 Metaspace       used 147666K, committed 148800K, reserved 1179648K
  class space    used 19666K, committed 20224K, reserved 1048576K
}
Event: 294.005 GC heap before
{Heap before GC invocations=48 (full 0):
 garbage-first heap   total 470016K, used 380174K [0x0000000080000000, 0x0000000100000000)
  region size 1024K, 212 young (217088K), 29 survivors (29696K)
 Metaspace       used 148491K, committed 149824K, reserved 1179648K
  class space    used 19758K, committed 20416K, reserved 1048576K
}
Event: 294.078 GC heap after
{Heap after GC invocations=49 (full 0):
 garbage-first heap   total 470016K, used 202932K [0x0000000080000000, 0x0000000100000000)
  region size 1024K, 9 young (9216K), 9 survivors (9216K)
 Metaspace       used 148491K, committed 149824K, reserved 1179648K
  class space    used 19758K, committed 20416K, reserved 1048576K
}

